I Love This Life
Sunday Morning
Sun Daze
Courtesy Of The Red, White And Blue (The Angry American)
Loving You Easy
Speakers, Bleachers And Preachers
Power of Positive Drinkin'
I Don't Want This Night To End
Broken Halos
Hotel Key
Night Shift
Most People Are Good
Tequila
Small Town
Born to Love You
Simple
Colorado
Sixteen
Nowhere Fast
Shotgun Rider
Where The Green Grass Grows
Just To See You Smile
Top Of The World
Whiskey Glasses
Get Along
Up All Night
Burning Man
Midnight Lovers
You're In It
The Gator Boys - iHeart Radio Live
Texas Lullaby
Kiss That Girl Goodbye
One Man Band
Every Little Honky Tonk Bar
You Look So Good In Love
Should've Been A Cowboy
Just Another Day In Paradise
Beautiful Crazy
I Love This Bar
Check Yes Or No
She Used to Be Mine
Dust On The Bottle
Diamond In My Pocket
Lonely For You Only
Drinkin' Problem
At Least You Cried
Burn Out
Wake up Loving You
If You Ain't Here To Party
Beer Can
Mr. Lonely
Break Up in the End
Boys 'Round Here (feat. Pistol Annies & Friends)
Mr. Misunderstood
Knives Of New Orleans
I Met a Girl
That's Why God Made Mexico
Watch The Wind Blow By
Out Of Sight
What Happens In A Small Town
Knockin' Boots
Dive - Recorded At Sound Stage Nashville
Castle On The Hill - Recorded at Sound Stage Nashville
East Bound And Down
This Old Heart
Tougher Than The Rest - Recorded At Sound Stage Studios Nashville
Drink A Beer
All My Friends Say
Friends
Don't Tempt Me
Fix a Drink
Love Ain't
Drunk On You
Living
Some Of It
Goodbye In Telluride
This I Gotta See
Tip of My Tongue
You Make It Easy
My Religion
Grow Old
That Old Truck
Kiss Tomorrow Goodbye
How Am I Doin'
Woman, Amen
One Way
Travelin' Light
How I'm Going Out
Knee Deep (feat. Jimmy Buffett)
Why Don't We Just Dance
American Remains
Brother Jukebox
It's A Great Day To Be Alive
Meet In the Middle
Small Town Southern Man
Drive (For Daddy Gene)
Take It Easy - 2006 Remaster
The Good Stuff
Even Though I'm Leaving
It's A Little Too Late - 1996 Greatest Hits Version
Failed!
Failed!
Failed!
